  main.cpp
c:\users\seth\documents\cs 434\boids\main.cpp(448): warning C4307: '*': integral constant overflow
c:\users\seth\documents\cs 434\boids\main.cpp(451): warning C4307: '*': integral constant overflow
c:\users\seth\documents\cs 434\boids\main.cpp(454): warning C4307: '*': integral constant overflow
c:\users\seth\documents\cs 434\boids\main.cpp(457): warning C4307: '*': integral constant overflow
c:\users\seth\documents\cs 434\boids\main.cpp(460): warning C4307: '*': integral constant overflow
c:\users\seth\documents\cs 434\boids\main.cpp(463): warning C4307: '*': integral constant overflow
c:\users\seth\documents\cs 434\boids\main.cpp(466): warning C4307: '*': integral constant overflow
c:\users\seth\documents\cs 434\boids\main.cpp(469): warning C4307: '*': integral constant overflow
c:\users\seth\documents\cs 434\boids\main.cpp(472): warning C4307: '*': integral constant overflow
c:\users\seth\documents\cs 434\boids\main.cpp(494): warning C4307: '*': integral constant overflow
c:\users\seth\documents\cs 434\boids\main.cpp(682): warning C4244: 'argument': conversion from 'double' to 'GLfloat', possible loss of data
c:\users\seth\documents\cs 434\boids\main.cpp(693): warning C4244: 'argument': conversion from 'double' to 'GLfloat', possible loss of data
c:\users\seth\documents\cs 434\boids\main.cpp(705): warning C4244: 'argument': conversion from 'double' to 'GLfloat', possible loss of data
c:\users\seth\documents\cs 434\boids\main.cpp(717): warning C4244: 'argument': conversion from 'double' to 'GLfloat', possible loss of data
c:\users\seth\documents\cs 434\boids\main.cpp(718): warning C4244: 'argument': conversion from 'double' to 'GLfloat', possible loss of data
c:\users\seth\documents\cs 434\boids\main.cpp(727): warning C4551: function call missing argument list
c:\users\seth\documents\cs 434\boids\main.cpp(728): warning C4244: 'argument': conversion from 'double' to 'GLfloat', possible loss of data
c:\users\seth\documents\cs 434\boids\main.cpp(730): warning C4244: 'argument': conversion from 'double' to 'GLfloat', possible loss of data
c:\users\seth\documents\cs 434\boids\main.cpp(731): warning C4244: 'argument': conversion from 'double' to 'GLfloat', possible loss of data
c:\users\seth\documents\cs 434\boids\main.cpp(735): warning C4244: 'argument': conversion from 'double' to 'GLfloat', possible loss of data
c:\users\seth\documents\cs 434\boids\main.cpp(736): warning C4244: 'argument': conversion from 'double' to 'GLfloat', possible loss of data
c:\users\seth\documents\cs 434\boids\main.cpp(737): warning C4244: 'argument': conversion from 'double' to 'GLfloat', possible loss of data
c:\users\seth\documents\cs 434\boids\main.cpp(738): warning C4244: 'argument': conversion from 'double' to 'GLfloat', possible loss of data
c:\users\seth\documents\cs 434\boids\main.cpp(741): warning C4551: function call missing argument list
c:\users\seth\documents\cs 434\boids\main.cpp(825): warning C4244: 'argument': conversion from 'double' to 'GLfloat', possible loss of data
c:\users\seth\documents\cs 434\boids\main.cpp(826): warning C4244: 'argument': conversion from 'double' to 'GLfloat', possible loss of data
c:\users\seth\documents\cs 434\boids\main.cpp(827): warning C4244: 'argument': conversion from 'double' to 'GLfloat', possible loss of data
c:\users\seth\documents\cs 434\boids\main.cpp(828): warning C4244: 'argument': conversion from 'double' to 'GLfloat', possible loss of data
c:\users\seth\documents\cs 434\boids\main.cpp(837): warning C4244: 'argument': conversion from 'double' to 'GLfloat', possible loss of data
c:\users\seth\documents\cs 434\boids\main.cpp(838): warning C4244: 'argument': conversion from 'double' to 'GLfloat', possible loss of data
c:\users\seth\documents\cs 434\boids\main.cpp(839): warning C4244: 'argument': conversion from 'double' to 'GLfloat', possible loss of data
c:\users\seth\documents\cs 434\boids\main.cpp(840): warning C4244: 'argument': conversion from 'double' to 'GLfloat', possible loss of data
c:\users\seth\documents\cs 434\boids\main.cpp(849): warning C4305: 'argument': truncation from 'double' to 'GLfloat'
c:\users\seth\documents\cs 434\boids\main.cpp(850): warning C4305: 'argument': truncation from 'double' to 'GLfloat'
c:\users\seth\documents\cs 434\boids\main.cpp(857): warning C4244: 'argument': conversion from 'double' to 'GLfloat', possible loss of data
c:\users\seth\documents\cs 434\boids\main.cpp(858): warning C4244: 'argument': conversion from 'double' to 'GLfloat', possible loss of data
c:\users\seth\documents\cs 434\boids\main.cpp(859): warning C4244: 'argument': conversion from 'double' to 'GLfloat', possible loss of data
c:\users\seth\documents\cs 434\boids\main.cpp(860): warning C4244: 'argument': conversion from 'double' to 'GLfloat', possible loss of data
c:\users\seth\documents\cs 434\boids\main.cpp(865): warning C4244: 'argument': conversion from 'double' to 'GLfloat', possible loss of data
c:\users\seth\documents\cs 434\boids\main.cpp(866): warning C4244: 'argument': conversion from 'double' to 'GLfloat', possible loss of data
c:\users\seth\documents\cs 434\boids\main.cpp(867): warning C4244: 'argument': conversion from 'double' to 'GLfloat', possible loss of data
c:\users\seth\documents\cs 434\boids\main.cpp(868): warning C4244: 'argument': conversion from 'double' to 'GLfloat', possible loss of data
c:\users\seth\documents\cs 434\boids\main.cpp(1583): warning C4244: 'initializing': conversion from 'double' to 'float', possible loss of data
c:\users\seth\documents\cs 434\boids\main.cpp(1584): warning C4244: '=': conversion from 'int' to 'float', possible loss of data
c:\users\seth\documents\cs 434\boids\main.cpp(1607): warning C4244: 'initializing': conversion from 'double' to 'float', possible loss of data
c:\users\seth\documents\cs 434\boids\main.cpp(1608): warning C4244: '=': conversion from 'int' to 'float', possible loss of data
  boids.vcxproj -> C:\Users\Seth\Documents\CS 434\boids\Debug\boids.exe
  boids.vcxproj -> C:\Users\Seth\Documents\CS 434\boids\Debug\boids.pdb (Full PDB)
